[2014-03-17 19:12:27] INFO Test suite "Pre-requisites KDT Scenario 1" content: 
[2014-03-17 19:12:27] INFO Remote files
[2014-03-17 19:12:27] INFO      uploadFile
[2014-03-17 19:12:27] INFO            To = /boss/simulators/
[2014-03-17 19:12:27] INFO            From = resources\KDT Scenario 1\AccountAccessorBingo_Properties.txt
[2014-03-17 19:12:27] INFO      uploadFile
[2014-03-17 19:12:27] INFO            To = /boss/simulators1/
[2014-03-17 19:12:27] INFO            From = resources\\KDT Scenario 1\\AccountAccessorBingo_Properties1.txt
[2014-03-17 19:12:27] INFO      uploadFile
[2014-03-17 19:12:27] INFO            To = /boss/simulators2/
[2014-03-17 19:12:27] INFO            From = resources\\KDT Scenario 1\\AccountAccessorBingo_Properties2.txt
[2014-03-17 19:12:27] INFO 
[2014-03-17 19:12:27] INFO ------------------------------------------Remote files-----------------------------------------
[2014-03-17 19:12:27] INFO 
[2014-03-17 19:12:27] INFO Creating directory: report\Pre-requisites KDT Scenario 1_17.03.2014 19-12-27\Remote files_17.03.2014 19-12-27
[2014-03-17 19:12:27] INFO Executing test case: "REMOTE FILES"
[2014-03-17 19:12:27] INFO 
[2014-03-17 19:12:27] INFO EXECUTING KEYWORD: uploadFile
[2014-03-17 19:12:27] INFO Establishing connection with SFTP server
[2014-03-17 19:12:27] INFO Host: 10.47.44.164
[2014-03-17 19:12:27] INFO Port22
[2014-03-17 19:12:27] INFO Login: jboss
[2014-03-17 19:12:29] INFO Connected successfully!
[2014-03-17 19:12:29] INFO uploading file: resources\KDT Scenario 1\AccountAccessorBingo_Properties.txt to: /boss/simulators/
[2014-03-17 19:12:29] INFO File was uploaded successfully!
[2014-03-17 19:12:29] INFO Closing connection!
[2014-03-17 19:12:29] INFO 
[2014-03-17 19:12:29] INFO EXECUTING KEYWORD: uploadFile
[2014-03-17 19:12:29] INFO Establishing connection with SFTP server
[2014-03-17 19:12:29] INFO Host: 10.47.44.164
[2014-03-17 19:12:29] INFO Port22
[2014-03-17 19:12:29] INFO Login: jboss
[2014-03-17 19:12:30] INFO Connected successfully!
[2014-03-17 19:12:31] INFO Directory: "simulators1" created
[2014-03-17 19:12:31] INFO uploading file: resources\\KDT Scenario 1\\AccountAccessorBingo_Properties1.txt to: /boss/simulators1/
[2014-03-17 19:12:31] INFO File was uploaded successfully!
[2014-03-17 19:12:31] INFO Closing connection!
[2014-03-17 19:12:31] INFO 
[2014-03-17 19:12:31] INFO EXECUTING KEYWORD: uploadFile
[2014-03-17 19:12:31] INFO Establishing connection with SFTP server
[2014-03-17 19:12:31] INFO Host: 10.47.44.164
[2014-03-17 19:12:31] INFO Port22
[2014-03-17 19:12:31] INFO Login: jboss
[2014-03-17 19:12:32] INFO Connected successfully!
[2014-03-17 19:12:33] INFO Directory: "simulators2" created
[2014-03-17 19:12:33] INFO uploading file: resources\\KDT Scenario 1\\AccountAccessorBingo_Properties2.txt to: /boss/simulators2/
[2014-03-17 19:12:33] INFO File was uploaded successfully!
[2014-03-17 19:12:33] INFO Closing connection!
