[2014-03-17 19:04:35] INFO Test suite "KDT Scenario 1" content: 
[2014-03-17 19:04:35] INFO Test Case #1
[2014-03-17 19:04:35] INFO      simulator_config
[2014-03-17 19:04:35] INFO            propertyName = latency_fixed
[2014-03-17 19:04:35] INFO            propertyValue = 0
[2014-03-17 19:04:35] INFO            localPath = C:\\tmp\\simulators\\
[2014-03-17 19:04:35] INFO            fileName = AccountAccessorBingo_Properties.txt
[2014-03-17 19:04:35] INFO            remotePath = /boss/simulators/
[2014-03-17 19:04:35] INFO      playerInfo_get
[2014-03-17 19:04:35] INFO            request = GetPlayerDetails
[2014-03-17 19:04:35] INFO            endpointURI = /1-GenericPortalAdapter/GenericPortalAdapter
[2014-03-17 19:04:35] INFO            playerSessionUID = TVM0MgAAB9EAAAFEyoFIRaTt6qg_
[2014-03-17 19:04:35] INFO            systemUID = C_GS01
[2014-03-17 19:04:35] INFO Test Case #2
[2014-03-17 19:04:35] INFO      simulator_config
[2014-03-17 19:04:35] INFO            propertyName = latency_fixed1
[2014-03-17 19:04:35] INFO            propertyValue = 10000
[2014-03-17 19:04:35] INFO            localPath = C:\\tmp\\simulators1\\
[2014-03-17 19:04:35] INFO            fileName = AccountAccessorBingo_Properties1.txt
[2014-03-17 19:04:35] INFO            remotePath = /boss/simulators1/
[2014-03-17 19:04:35] INFO      playerInfo_get
[2014-03-17 19:04:35] INFO            request = GetPlayerDetails
[2014-03-17 19:04:35] INFO            endpointURI = /1-GenericPortalAdapter/GenericPortalAdapter
[2014-03-17 19:04:35] INFO            playerSessionUID = TVM0MgAAB9IAAAFEyoH.cDwkJRY_
[2014-03-17 19:04:35] INFO            systemUID = C_GS01
[2014-03-17 19:04:35] INFO Test Case #3
[2014-03-17 19:04:35] INFO      simulator_config
[2014-03-17 19:04:35] INFO            propertyName = latency_fixed2
[2014-03-17 19:04:35] INFO            propertyValue = 5000
[2014-03-17 19:04:35] INFO            localPath = C:\\tmp\\simulators2\\
[2014-03-17 19:04:35] INFO            fileName = AccountAccessorBingo_Properties2.txt
[2014-03-17 19:04:35] INFO            remotePath = /boss/simulators2/
[2014-03-17 19:04:35] INFO      playerInfo_get
[2014-03-17 19:04:35] INFO            request = GetPlayerDetails
[2014-03-17 19:04:35] INFO            endpointURI = /1-GenericPortalAdapter/GenericPortalAdapter
[2014-03-17 19:04:35] INFO            playerSessionUID = TVM0MgAAB9MAAAFEyoKkLffVG8s_
[2014-03-17 19:04:35] INFO            systemUID = C_GS01
[2014-03-17 19:04:35] INFO Post-requisites
[2014-03-17 19:04:35] INFO      remoteDirRemove
[2014-03-17 19:04:35] INFO            dirPath = /boss/simulators1/
[2014-03-17 19:04:35] INFO      remoteDirRemove
[2014-03-17 19:04:35] INFO            dirPath = /boss/simulators2/
[2014-03-17 19:04:35] INFO      localDirRemove
[2014-03-17 19:04:35] INFO            dirPath = C:\\tmp\\simulators1\\
[2014-03-17 19:04:35] INFO      localDirRemove
[2014-03-17 19:04:35] INFO            dirPath = C:\\tmp\\simulators2\\
[2014-03-17 19:04:35] INFO 
[2014-03-17 19:04:35] INFO ------------------------------------------Test Case #1-----------------------------------------
[2014-03-17 19:04:35] INFO 
[2014-03-17 19:04:35] INFO Creating directory: report\KDT Scenario 1_17.03.2014 19-04-35\Test Case #1_17.03.2014 19-04-35
[2014-03-17 19:04:35] INFO Executing test case: "TEST CASE #1"
[2014-03-17 19:04:35] INFO 
[2014-03-17 19:04:35] INFO EXECUTING KEYWORD: simulator_config
[2014-03-17 19:04:35] INFO Establishing connection with SFTP server
[2014-03-17 19:04:36] INFO Connected successfully!
[2014-03-17 19:04:36] INFO Directory C:\\tmp\\simulators\\ already exists
[2014-03-17 19:04:36] INFO File: /boss/simulators/AccountAccessorBingo_Properties.txt was downloaded to: C:\\tmp\\simulators\\
[2014-03-17 19:04:36] INFO Getting properties from: C:\\tmp\\simulators\\AccountAccessorBingo_Properties.txt
[2014-03-17 19:04:36] INFO Setting new value [0] for: "latency_fixed"
[2014-03-17 19:04:37] INFO uploading file: C:\\tmp\\simulators\\AccountAccessorBingo_Properties.txt to: /boss/simulators/
[2014-03-17 19:04:37] INFO File was uploaded successfully!
[2014-03-17 19:04:37] INFO Closing connection!
[2014-03-17 19:04:37] INFO 
[2014-03-17 19:04:37] INFO EXECUTING KEYWORD: playerInfo_get
[2014-03-17 19:04:37] INFO Getting query template: templates\sqlQueries\GetPlayerDetails.txt
[2014-03-17 19:04:37] INFO Opening file: templates\sqlQueries\GetPlayerDetails.txt
[2014-03-17 19:04:37] INFO File content received!
[2014-03-17 19:04:37] INFO Query created successfully:
	SELECT 
                 p.first_name 			"FirstName",  
                 p.middle_name 			"MiddleName",  
                 p.last_name 			"LastName", 
                 p.birth_name 			"BirthName",
                 p.mothers_name 		"MothersName",
                 p.nick_name 			"NickName",
                 p.username 			"Username",
                 p.currency_id 			"Currency",
                 p.preferred_language_id 	"PreferredLanguage",
                 p.accepts_email 		"AcceptsEmail",
                 p.birth_date 			"BirthDate",
                 p.hear_about_us 		"HeardAboutUs",
                 p.tax_category_id 		"TaxCategory",
                 p.birth_place 			"BirthPlace",
                 p.accepts_id_verification     	"AcceptsIdentityVerification",
                 p.security_prompt 		"SecurityPrompt",
                 p.gender_id 			"Gender",
                 p.tracking_campaign_name 	"TrackingCampaign", 
                 p.accepts_sms 			"AcceptsSMS",
                 p.accepts_promotional_sms 	"AcceptsPromotionalSMS", 
                 p.identification_number 	"IdentificationNumber", 
                 p.id_verified_id 		"IdentificationVerified", 
                 p.security_word 		"SecurityWord", 
                 p.ident_manual_verified_until 	"IdentificationManualVerified",
                 p.accepts_chat 		"AcceptsChat", 
                 p.frequent_player_level_id 	"FrequentPlayerLevel", 
                 p.preferred_comm_channel 	"PreferredCommunicationChannel", 
                 p.is_reward_abuser 		"IsRewardAbuser", 
                 p.newsletter_id 		"Newsletter", 
                 p.accepts_rewards 		"AcceptsRewards", 
                 ci.postal_code 		"PostalCode", 
                 ci.country_id 			"Country", 
                 ci.region 			"Region", 
                 ci.email 			"Email",
                 ci.address1 			"Address1", 
                 ci.address2 			"Address2", 
                 ci.address3 			"Address3", 
                 ci.phone1 			"Phone1",
                 ci.phone2 			"Phone2",
                 ci.city 			"City", 
                 ci.mobile_phone 		"MobilePhone", 
                 ci.address_state_id 		"AddressVerified" 

         FROM 
                 player p 
                 JOIN contact_info ci     ON p.CONTACT_INFO_ID = ci.CONTACT_INFO_ID 
                 JOIN player_session ps  ON p.PLAYER_ID = ps.PLAYER_ID 
         WHERE 
                 ps.external_client_session_id = 'TVM0MgAAB9EAAAFEyoFIRaTt6qg_'

[2014-03-17 19:04:37] INFO Registering JDBC driver
[2014-03-17 19:04:37] INFO Driver registered successfully!
[2014-03-17 19:04:37] INFO Establishing connection to database: "gmsora01"
[2014-03-17 19:04:38] INFO Connected successfully!
[2014-03-17 19:04:38] INFO Executing query
[2014-03-17 19:04:39] INFO Getting request template: templates\soapRequests\GetPlayerDetails.xml
[2014-03-17 19:04:39] INFO Opening file: templates\soapRequests\GetPlayerDetails.xml
[2014-03-17 19:04:39] INFO File content received!
[2014-03-17 19:04:39] INFO Replacing placeholders
[2014-03-17 19:04:39] INFO Request body created successfully!
[2014-03-17 19:04:39] INFO Request body: 

<soapenv:Envelope xmlns:soapenv="http://schemas.xmlsoap.org/soap/envelope/" xmlns:gen="http://www.bossmedia.com/wsdl/genericportaladapter">
   <soapenv:Header/>
   <soapenv:Body>
      <gen:GetPlayerDetails>
         <request>
            <systemUID>C_GS01</systemUID>
            <sessionID>TVM0MgAAB9EAAAFEyoFIRaTt6qg_</sessionID>
         </request>
      </gen:GetPlayerDetails>
   </soapenv:Body>
</soapenv:Envelope>

[2014-03-17 19:04:39] INFO Sending request to: http://10.47.44.164:8080/1-GenericPortalAdapter/GenericPortalAdapter
[2014-03-17 19:04:40] INFO Response received: 

<soap:Envelope xmlns:soap="http://schemas.xmlsoap.org/soap/envelope/">
    <soap:Header/>
    <soap:Body>
        <ns2:GetPlayerDetailsResponse xmlns:ns2="http://www.bossmedia.com/wsdl/genericportaladapter">
            <Result>
                <playerID>2001</playerID>
                <partnerUID>CC</partnerUID>
                <registrationLevel>1044</registrationLevel>
                <properties>
                    <property>
                        <key>HeardAboutUs</key>
                        <value/>
                    </property>
                    <property>
                        <key>NickName</key>
                        <value>soap781145</value>
                    </property>
                    <property>
                        <key>TrackingCampaign</key>
                        <value>1111111111111111</value>
                    </property>
                    <property>
                        <key>Address1</key>
                        <value>Street 1</value>
                    </property>
                    <property>
                        <key>IsRewardAbuser</key>
                        <value>false</value>
                    </property>
                    <property>
                        <key>BirthPlace</key>
                        <value/>
                    </property>
                    <property>
                        <key>Newsletter</key>
                        <value>1</value>
                    </property>
                    <property>
                        <key>Address2</key>
                        <value>Street 2</value>
                    </property>
                    <property>
                        <key>TimeZoneLocation</key>
                        <value/>
                    </property>
                    <property>
                        <key>BillingAddress2</key>
                        <value/>
                    </property>
                    <property>
                        <key>Currency</key>
                        <value>GBP</value>
                    </property>
                    <property>
                        <key>AcceptsEmail</key>
                        <value>true</value>
                    </property>
                    <property>
                        <key>Phone2</key>
                        <value>+46 1234</value>
                    </property>
                    <property>
                        <key>IdentificationNumber</key>
                        <value/>
                    </property>
                    <property>
                        <key>Address3</key>
                        <value>Street 3</value>
                    </property>
                    <property>
                        <key>Phone1</key>
                        <value>+46 1234</value>
                    </property>
                    <property>
                        <key>IdentificationVerified</key>
                        <value>0</value>
                    </property>
                    <property>
                        <key>IsMessageOptoutPromo</key>
                        <value>false</value>
                    </property>
                    <property>
                        <key>AcceptsChat</key>
                        <value>true</value>
                    </property>
                    <property>
                        <key>AddressVerified</key>
                        <value>0</value>
                    </property>
                    <property>
                        <key>PreferredLanguage</key>
                        <value>EN</value>
                    </property>
                    <property>
                        <key>SecurityPrompt</key>
                        <value/>
                    </property>
                    <property>
                        <key>MothersName</key>
                        <value/>
                    </property>
                    <property>
                        <key>IdentificationManualVerifiedUntil</key>
                        <value/>
                    </property>
                    <property>
                        <key>Gender</key>
                        <value>0</value>
                    </property>
                    <property>
                        <key>FrequentPlayerLevel</key>
                        <value>0</value>
                    </property>
                    <property>
                        <key>FirstName</key>
                        <value>Scriptad</value>
                    </property>
                    <property>
                        <key>Username</key>
                        <value>soap781145</value>
                    </property>
                    <property>
                        <key>LastName</key>
                        <value>Spelare</value>
                    </property>
                    <property>
                        <key>Email</key>
                        <value>soap781145@boss-test.net</value>
                    </property>
                    <property>
                        <key>MiddleName</key>
                        <value>Mellan</value>
                    </property>
                    <property>
                        <key>AcceptsIdentityVerification</key>
                        <value>false</value>
                    </property>
                    <property>
                        <key>SecurityWord</key>
                        <value/>
                    </property>
                    <property>
                        <key>PreferredCommunicationChannel</key>
                        <value>1</value>
                    </property>
                    <property>
                        <key>BirthName</key>
                        <value/>
                    </property>
                    <property>
                        <key>AcceptsRewards</key>
                        <value>true</value>
                    </property>
                    <property>
                        <key>AcceptsSMS</key>
                        <value>false</value>
                    </property>
                    <property>
                        <key>BirthDate</key>
                        <value>1986-10-29</value>
                    </property>
                    <property>
                        <key>City</key>
                        <value>City Eight</value>
                    </property>
                    <property>
                        <key>MobilePhone</key>
                        <value>+46 1234</value>
                    </property>
                    <property>
                        <key>TaxCategory</key>
                        <value/>
                    </property>
                    <property>
                        <key>Country</key>
                        <value>SE</value>
                    </property>
                    <property>
                        <key>Title</key>
                        <value>PL</value>
                    </property>
                    <property>
                        <key>Region</key>
                        <value/>
                    </property>
                    <property>
                        <key>AcceptsPromotionalSMS</key>
                        <value>false</value>
                    </property>
                    <property>
                        <key>PostalCode</key>
                        <value>12345</value>
                    </property>
                </properties>
                <createdDate>2014-03-16T10:47:43Z</createdDate>
            </Result>
        </ns2:GetPlayerDetailsResponse>
    </soap:Body>
</soap:Envelope>

[2014-03-17 19:04:41] INFO Comparing player details from DB and Soap response
[2014-03-17 19:04:41] INFO ASSERTION PASSED: Actual result == Expected result
[2014-03-17 19:04:41] INFO 
[2014-03-17 19:04:41] INFO ------------------------------------------Test Case #2-----------------------------------------
[2014-03-17 19:04:41] INFO 
[2014-03-17 19:04:41] INFO Creating directory: report\KDT Scenario 1_17.03.2014 19-04-35\Test Case #2_17.03.2014 19-04-41
[2014-03-17 19:04:41] INFO Executing test case: "TEST CASE #2"
[2014-03-17 19:04:41] INFO 
[2014-03-17 19:04:41] INFO EXECUTING KEYWORD: simulator_config
[2014-03-17 19:04:41] INFO Establishing connection with SFTP server
[2014-03-17 19:04:42] INFO Connected successfully!
[2014-03-17 19:04:42] INFO Creating directory: C:\tmp\simulators1
[2014-03-17 19:04:42] INFO File: /boss/simulators1/AccountAccessorBingo_Properties1.txt was downloaded to: C:\\tmp\\simulators1\\
[2014-03-17 19:04:42] INFO Getting properties from: C:\\tmp\\simulators1\\AccountAccessorBingo_Properties1.txt
[2014-03-17 19:04:42] INFO Setting new value [10000] for: "latency_fixed1"
[2014-03-17 19:04:43] INFO uploading file: C:\\tmp\\simulators1\\AccountAccessorBingo_Properties1.txt to: /boss/simulators1/
[2014-03-17 19:04:43] INFO File was uploaded successfully!
[2014-03-17 19:04:43] INFO Closing connection!
[2014-03-17 19:04:43] INFO 
[2014-03-17 19:04:43] INFO EXECUTING KEYWORD: playerInfo_get
[2014-03-17 19:04:43] INFO Getting query template: templates\sqlQueries\GetPlayerDetails.txt
[2014-03-17 19:04:43] INFO Opening file: templates\sqlQueries\GetPlayerDetails.txt
[2014-03-17 19:04:43] INFO File content received!
[2014-03-17 19:04:43] INFO Query created successfully:
	SELECT 
                 p.first_name 			"FirstName",  
                 p.middle_name 			"MiddleName",  
                 p.last_name 			"LastName", 
                 p.birth_name 			"BirthName",
                 p.mothers_name 		"MothersName",
                 p.nick_name 			"NickName",
                 p.username 			"Username",
                 p.currency_id 			"Currency",
                 p.preferred_language_id 	"PreferredLanguage",
                 p.accepts_email 		"AcceptsEmail",
                 p.birth_date 			"BirthDate",
                 p.hear_about_us 		"HeardAboutUs",
                 p.tax_category_id 		"TaxCategory",
                 p.birth_place 			"BirthPlace",
                 p.accepts_id_verification     	"AcceptsIdentityVerification",
                 p.security_prompt 		"SecurityPrompt",
                 p.gender_id 			"Gender",
                 p.tracking_campaign_name 	"TrackingCampaign", 
                 p.accepts_sms 			"AcceptsSMS",
                 p.accepts_promotional_sms 	"AcceptsPromotionalSMS", 
                 p.identification_number 	"IdentificationNumber", 
                 p.id_verified_id 		"IdentificationVerified", 
                 p.security_word 		"SecurityWord", 
                 p.ident_manual_verified_until 	"IdentificationManualVerified",
                 p.accepts_chat 		"AcceptsChat", 
                 p.frequent_player_level_id 	"FrequentPlayerLevel", 
                 p.preferred_comm_channel 	"PreferredCommunicationChannel", 
                 p.is_reward_abuser 		"IsRewardAbuser", 
                 p.newsletter_id 		"Newsletter", 
                 p.accepts_rewards 		"AcceptsRewards", 
                 ci.postal_code 		"PostalCode", 
                 ci.country_id 			"Country", 
                 ci.region 			"Region", 
                 ci.email 			"Email",
                 ci.address1 			"Address1", 
                 ci.address2 			"Address2", 
                 ci.address3 			"Address3", 
                 ci.phone1 			"Phone1",
                 ci.phone2 			"Phone2",
                 ci.city 			"City", 
                 ci.mobile_phone 		"MobilePhone", 
                 ci.address_state_id 		"AddressVerified" 

         FROM 
                 player p 
                 JOIN contact_info ci     ON p.CONTACT_INFO_ID = ci.CONTACT_INFO_ID 
                 JOIN player_session ps  ON p.PLAYER_ID = ps.PLAYER_ID 
         WHERE 
                 ps.external_client_session_id = 'TVM0MgAAB9IAAAFEyoH.cDwkJRY_'

[2014-03-17 19:04:43] INFO Registering JDBC driver
[2014-03-17 19:04:43] INFO Driver registered successfully!
[2014-03-17 19:04:43] INFO Establishing connection to database: "gmsora01"
[2014-03-17 19:04:44] INFO Connected successfully!
[2014-03-17 19:04:44] INFO Executing query
[2014-03-17 19:04:44] INFO Getting request template: templates\soapRequests\GetPlayerDetails.xml
[2014-03-17 19:04:44] INFO Opening file: templates\soapRequests\GetPlayerDetails.xml
[2014-03-17 19:04:44] INFO File content received!
[2014-03-17 19:04:44] INFO Replacing placeholders
[2014-03-17 19:04:44] INFO Request body created successfully!
[2014-03-17 19:04:44] INFO Request body: 

<soapenv:Envelope xmlns:soapenv="http://schemas.xmlsoap.org/soap/envelope/" xmlns:gen="http://www.bossmedia.com/wsdl/genericportaladapter">
   <soapenv:Header/>
   <soapenv:Body>
      <gen:GetPlayerDetails>
         <request>
            <systemUID>C_GS01</systemUID>
            <sessionID>TVM0MgAAB9IAAAFEyoH.cDwkJRY_</sessionID>
         </request>
      </gen:GetPlayerDetails>
   </soapenv:Body>
</soapenv:Envelope>

[2014-03-17 19:04:44] INFO Sending request to: http://10.47.44.164:8080/1-GenericPortalAdapter/GenericPortalAdapter
[2014-03-17 19:04:45] INFO Response received: 

<soap:Envelope xmlns:soap="http://schemas.xmlsoap.org/soap/envelope/">
    <soap:Header/>
    <soap:Body>
        <ns2:GetPlayerDetailsResponse xmlns:ns2="http://www.bossmedia.com/wsdl/genericportaladapter">
            <Result>
                <playerID>2002</playerID>
                <partnerUID>CC</partnerUID>
                <registrationLevel>1044</registrationLevel>
                <properties>
                    <property>
                        <key>HeardAboutUs</key>
                        <value/>
                    </property>
                    <property>
                        <key>NickName</key>
                        <value>soap812339</value>
                    </property>
                    <property>
                        <key>TrackingCampaign</key>
                        <value>1111111111111111</value>
                    </property>
                    <property>
                        <key>Address1</key>
                        <value>Street 1</value>
                    </property>
                    <property>
                        <key>IsRewardAbuser</key>
                        <value>false</value>
                    </property>
                    <property>
                        <key>BirthPlace</key>
                        <value/>
                    </property>
                    <property>
                        <key>Newsletter</key>
                        <value>1</value>
                    </property>
                    <property>
                        <key>Address2</key>
                        <value>Street 2</value>
                    </property>
                    <property>
                        <key>TimeZoneLocation</key>
                        <value/>
                    </property>
                    <property>
                        <key>BillingAddress2</key>
                        <value/>
                    </property>
                    <property>
                        <key>Currency</key>
                        <value>GBP</value>
                    </property>
                    <property>
                        <key>AcceptsEmail</key>
                        <value>true</value>
                    </property>
                    <property>
                        <key>Phone2</key>
                        <value>+46 1234</value>
                    </property>
                    <property>
                        <key>IdentificationNumber</key>
                        <value/>
                    </property>
                    <property>
                        <key>Address3</key>
                        <value>Street 3</value>
                    </property>
                    <property>
                        <key>Phone1</key>
                        <value>+46 1234</value>
                    </property>
                    <property>
                        <key>IdentificationVerified</key>
                        <value>0</value>
                    </property>
                    <property>
                        <key>IsMessageOptoutPromo</key>
                        <value>false</value>
                    </property>
                    <property>
                        <key>AcceptsChat</key>
                        <value>true</value>
                    </property>
                    <property>
                        <key>AddressVerified</key>
                        <value>0</value>
                    </property>
                    <property>
                        <key>PreferredLanguage</key>
                        <value>EN</value>
                    </property>
                    <property>
                        <key>SecurityPrompt</key>
                        <value/>
                    </property>
                    <property>
                        <key>MothersName</key>
                        <value/>
                    </property>
                    <property>
                        <key>IdentificationManualVerifiedUntil</key>
                        <value/>
                    </property>
                    <property>
                        <key>Gender</key>
                        <value>0</value>
                    </property>
                    <property>
                        <key>FrequentPlayerLevel</key>
                        <value>0</value>
                    </property>
                    <property>
                        <key>FirstName</key>
                        <value>Scriptad</value>
                    </property>
                    <property>
                        <key>Username</key>
                        <value>soap812339</value>
                    </property>
                    <property>
                        <key>LastName</key>
                        <value>Spelare</value>
                    </property>
                    <property>
                        <key>Email</key>
                        <value>soap812339@boss-test.net</value>
                    </property>
                    <property>
                        <key>MiddleName</key>
                        <value>Mellan</value>
                    </property>
                    <property>
                        <key>AcceptsIdentityVerification</key>
                        <value>false</value>
                    </property>
                    <property>
                        <key>SecurityWord</key>
                        <value/>
                    </property>
                    <property>
                        <key>PreferredCommunicationChannel</key>
                        <value>1</value>
                    </property>
                    <property>
                        <key>BirthName</key>
                        <value/>
                    </property>
                    <property>
                        <key>AcceptsRewards</key>
                        <value>true</value>
                    </property>
                    <property>
                        <key>AcceptsSMS</key>
                        <value>false</value>
                    </property>
                    <property>
                        <key>BirthDate</key>
                        <value>1986-10-29</value>
                    </property>
                    <property>
                        <key>City</key>
                        <value>City Eight</value>
                    </property>
                    <property>
                        <key>MobilePhone</key>
                        <value>+46 1234</value>
                    </property>
                    <property>
                        <key>TaxCategory</key>
                        <value/>
                    </property>
                    <property>
                        <key>Country</key>
                        <value>SE</value>
                    </property>
                    <property>
                        <key>Title</key>
                        <value>PL</value>
                    </property>
                    <property>
                        <key>Region</key>
                        <value/>
                    </property>
                    <property>
                        <key>AcceptsPromotionalSMS</key>
                        <value>false</value>
                    </property>
                    <property>
                        <key>PostalCode</key>
                        <value>12345</value>
                    </property>
                </properties>
                <createdDate>2014-03-16T10:48:37Z</createdDate>
            </Result>
        </ns2:GetPlayerDetailsResponse>
    </soap:Body>
</soap:Envelope>

[2014-03-17 19:04:45] INFO Comparing player details from DB and Soap response
[2014-03-17 19:04:45] INFO ASSERTION PASSED: Actual result == Expected result
[2014-03-17 19:04:45] INFO 
[2014-03-17 19:04:45] INFO ------------------------------------------Test Case #3-----------------------------------------
[2014-03-17 19:04:45] INFO 
[2014-03-17 19:04:45] INFO Creating directory: report\KDT Scenario 1_17.03.2014 19-04-35\Test Case #3_17.03.2014 19-04-45
[2014-03-17 19:04:45] INFO Executing test case: "TEST CASE #3"
[2014-03-17 19:04:45] INFO 
[2014-03-17 19:04:45] INFO EXECUTING KEYWORD: simulator_config
[2014-03-17 19:04:45] INFO Establishing connection with SFTP server
[2014-03-17 19:04:46] INFO Connected successfully!
[2014-03-17 19:04:46] INFO Creating directory: C:\tmp\simulators2
[2014-03-17 19:04:46] INFO File: /boss/simulators2/AccountAccessorBingo_Properties2.txt was downloaded to: C:\\tmp\\simulators2\\
[2014-03-17 19:04:46] INFO Getting properties from: C:\\tmp\\simulators2\\AccountAccessorBingo_Properties2.txt
[2014-03-17 19:04:46] INFO Setting new value [5000] for: "latency_fixed2"
[2014-03-17 19:04:47] INFO uploading file: C:\\tmp\\simulators2\\AccountAccessorBingo_Properties2.txt to: /boss/simulators2/
[2014-03-17 19:04:47] INFO File was uploaded successfully!
[2014-03-17 19:04:47] INFO Closing connection!
[2014-03-17 19:04:47] INFO 
[2014-03-17 19:04:47] INFO EXECUTING KEYWORD: playerInfo_get
[2014-03-17 19:04:47] INFO Getting query template: templates\sqlQueries\GetPlayerDetails.txt
[2014-03-17 19:04:47] INFO Opening file: templates\sqlQueries\GetPlayerDetails.txt
[2014-03-17 19:04:47] INFO File content received!
[2014-03-17 19:04:47] INFO Query created successfully:
	SELECT 
                 p.first_name 			"FirstName",  
                 p.middle_name 			"MiddleName",  
                 p.last_name 			"LastName", 
                 p.birth_name 			"BirthName",
                 p.mothers_name 		"MothersName",
                 p.nick_name 			"NickName",
                 p.username 			"Username",
                 p.currency_id 			"Currency",
                 p.preferred_language_id 	"PreferredLanguage",
                 p.accepts_email 		"AcceptsEmail",
                 p.birth_date 			"BirthDate",
                 p.hear_about_us 		"HeardAboutUs",
                 p.tax_category_id 		"TaxCategory",
                 p.birth_place 			"BirthPlace",
                 p.accepts_id_verification     	"AcceptsIdentityVerification",
                 p.security_prompt 		"SecurityPrompt",
                 p.gender_id 			"Gender",
                 p.tracking_campaign_name 	"TrackingCampaign", 
                 p.accepts_sms 			"AcceptsSMS",
                 p.accepts_promotional_sms 	"AcceptsPromotionalSMS", 
                 p.identification_number 	"IdentificationNumber", 
                 p.id_verified_id 		"IdentificationVerified", 
                 p.security_word 		"SecurityWord", 
                 p.ident_manual_verified_until 	"IdentificationManualVerified",
                 p.accepts_chat 		"AcceptsChat", 
                 p.frequent_player_level_id 	"FrequentPlayerLevel", 
                 p.preferred_comm_channel 	"PreferredCommunicationChannel", 
                 p.is_reward_abuser 		"IsRewardAbuser", 
                 p.newsletter_id 		"Newsletter", 
                 p.accepts_rewards 		"AcceptsRewards", 
                 ci.postal_code 		"PostalCode", 
                 ci.country_id 			"Country", 
                 ci.region 			"Region", 
                 ci.email 			"Email",
                 ci.address1 			"Address1", 
                 ci.address2 			"Address2", 
                 ci.address3 			"Address3", 
                 ci.phone1 			"Phone1",
                 ci.phone2 			"Phone2",
                 ci.city 			"City", 
                 ci.mobile_phone 		"MobilePhone", 
                 ci.address_state_id 		"AddressVerified" 

         FROM 
                 player p 
                 JOIN contact_info ci     ON p.CONTACT_INFO_ID = ci.CONTACT_INFO_ID 
                 JOIN player_session ps  ON p.PLAYER_ID = ps.PLAYER_ID 
         WHERE 
                 ps.external_client_session_id = 'TVM0MgAAB9MAAAFEyoKkLffVG8s_'

[2014-03-17 19:04:47] INFO Registering JDBC driver
[2014-03-17 19:04:47] INFO Driver registered successfully!
[2014-03-17 19:04:47] INFO Establishing connection to database: "gmsora01"
[2014-03-17 19:04:48] INFO Connected successfully!
[2014-03-17 19:04:48] INFO Executing query
[2014-03-17 19:04:48] INFO Getting request template: templates\soapRequests\GetPlayerDetails.xml
[2014-03-17 19:04:48] INFO Opening file: templates\soapRequests\GetPlayerDetails.xml
[2014-03-17 19:04:48] INFO File content received!
[2014-03-17 19:04:48] INFO Replacing placeholders
[2014-03-17 19:04:48] INFO Request body created successfully!
[2014-03-17 19:04:48] INFO Request body: 

<soapenv:Envelope xmlns:soapenv="http://schemas.xmlsoap.org/soap/envelope/" xmlns:gen="http://www.bossmedia.com/wsdl/genericportaladapter">
   <soapenv:Header/>
   <soapenv:Body>
      <gen:GetPlayerDetails>
         <request>
            <systemUID>C_GS01</systemUID>
            <sessionID>TVM0MgAAB9MAAAFEyoKkLffVG8s_</sessionID>
         </request>
      </gen:GetPlayerDetails>
   </soapenv:Body>
</soapenv:Envelope>

[2014-03-17 19:04:48] INFO Sending request to: http://10.47.44.164:8080/1-GenericPortalAdapter/GenericPortalAdapter
[2014-03-17 19:04:48] INFO Response received: 

<soap:Envelope xmlns:soap="http://schemas.xmlsoap.org/soap/envelope/">
    <soap:Header/>
    <soap:Body>
        <ns2:GetPlayerDetailsResponse xmlns:ns2="http://www.bossmedia.com/wsdl/genericportaladapter">
            <Result>
                <playerID>2003</playerID>
                <partnerUID>CC</partnerUID>
                <registrationLevel>1044</registrationLevel>
                <properties>
                    <property>
                        <key>HeardAboutUs</key>
                        <value/>
                    </property>
                    <property>
                        <key>NickName</key>
                        <value>soap183492</value>
                    </property>
                    <property>
                        <key>TrackingCampaign</key>
                        <value>1111111111111111</value>
                    </property>
                    <property>
                        <key>Address1</key>
                        <value>Street 1</value>
                    </property>
                    <property>
                        <key>IsRewardAbuser</key>
                        <value>false</value>
                    </property>
                    <property>
                        <key>BirthPlace</key>
                        <value/>
                    </property>
                    <property>
                        <key>Newsletter</key>
                        <value>1</value>
                    </property>
                    <property>
                        <key>Address2</key>
                        <value>Street 2</value>
                    </property>
                    <property>
                        <key>TimeZoneLocation</key>
                        <value/>
                    </property>
                    <property>
                        <key>BillingAddress2</key>
                        <value/>
                    </property>
                    <property>
                        <key>Currency</key>
                        <value>GBP</value>
                    </property>
                    <property>
                        <key>AcceptsEmail</key>
                        <value>true</value>
                    </property>
                    <property>
                        <key>Phone2</key>
                        <value>+46 1234</value>
                    </property>
                    <property>
                        <key>IdentificationNumber</key>
                        <value/>
                    </property>
                    <property>
                        <key>Address3</key>
                        <value>Street 3</value>
                    </property>
                    <property>
                        <key>Phone1</key>
                        <value>+46 1234</value>
                    </property>
                    <property>
                        <key>IdentificationVerified</key>
                        <value>0</value>
                    </property>
                    <property>
                        <key>IsMessageOptoutPromo</key>
                        <value>false</value>
                    </property>
                    <property>
                        <key>AcceptsChat</key>
                        <value>true</value>
                    </property>
                    <property>
                        <key>AddressVerified</key>
                        <value>0</value>
                    </property>
                    <property>
                        <key>PreferredLanguage</key>
                        <value>EN</value>
                    </property>
                    <property>
                        <key>SecurityPrompt</key>
                        <value/>
                    </property>
                    <property>
                        <key>MothersName</key>
                        <value/>
                    </property>
                    <property>
                        <key>IdentificationManualVerifiedUntil</key>
                        <value/>
                    </property>
                    <property>
                        <key>Gender</key>
                        <value>0</value>
                    </property>
                    <property>
                        <key>FrequentPlayerLevel</key>
                        <value>0</value>
                    </property>
                    <property>
                        <key>FirstName</key>
                        <value>Scriptad</value>
                    </property>
                    <property>
                        <key>Username</key>
                        <value>soap183492</value>
                    </property>
                    <property>
                        <key>LastName</key>
                        <value>Spelare</value>
                    </property>
                    <property>
                        <key>Email</key>
                        <value>soap183492@boss-test.net</value>
                    </property>
                    <property>
                        <key>MiddleName</key>
                        <value>Mellan</value>
                    </property>
                    <property>
                        <key>AcceptsIdentityVerification</key>
                        <value>false</value>
                    </property>
                    <property>
                        <key>SecurityWord</key>
                        <value/>
                    </property>
                    <property>
                        <key>PreferredCommunicationChannel</key>
                        <value>1</value>
                    </property>
                    <property>
                        <key>BirthName</key>
                        <value/>
                    </property>
                    <property>
                        <key>AcceptsRewards</key>
                        <value>true</value>
                    </property>
                    <property>
                        <key>AcceptsSMS</key>
                        <value>false</value>
                    </property>
                    <property>
                        <key>BirthDate</key>
                        <value>1986-10-29</value>
                    </property>
                    <property>
                        <key>City</key>
                        <value>City Eight</value>
                    </property>
                    <property>
                        <key>MobilePhone</key>
                        <value>+46 1234</value>
                    </property>
                    <property>
                        <key>TaxCategory</key>
                        <value/>
                    </property>
                    <property>
                        <key>Country</key>
                        <value>SE</value>
                    </property>
                    <property>
                        <key>Title</key>
                        <value>PL</value>
                    </property>
                    <property>
                        <key>Region</key>
                        <value/>
                    </property>
                    <property>
                        <key>AcceptsPromotionalSMS</key>
                        <value>false</value>
                    </property>
                    <property>
                        <key>PostalCode</key>
                        <value>12345</value>
                    </property>
                </properties>
                <createdDate>2014-03-16T10:49:16Z</createdDate>
            </Result>
        </ns2:GetPlayerDetailsResponse>
    </soap:Body>
</soap:Envelope>

[2014-03-17 19:04:48] INFO Comparing player details from DB and Soap response
[2014-03-17 19:04:48] INFO ASSERTION PASSED: Actual result == Expected result
[2014-03-17 19:04:48] INFO 
[2014-03-17 19:04:48] INFO ------------------------------------------Post-requisites-----------------------------------------
[2014-03-17 19:04:48] INFO 
[2014-03-17 19:04:48] INFO Creating directory: report\KDT Scenario 1_17.03.2014 19-04-35\Post-requisites_17.03.2014 19-04-48
[2014-03-17 19:04:48] INFO Executing test case: "POST-REQUISITES"
[2014-03-17 19:04:48] INFO 
[2014-03-17 19:04:48] INFO EXECUTING KEYWORD: remoteDirRemove
[2014-03-17 19:04:48] INFO Establishing connection with SFTP server
[2014-03-17 19:04:49] INFO Connected successfully!
[2014-03-17 19:04:49] INFO Removing directory: "/boss/simulators1/"
[2014-03-17 19:04:50] INFO Directory removed successfully
[2014-03-17 19:04:50] INFO Closing connection!
[2014-03-17 19:04:50] INFO 
[2014-03-17 19:04:50] INFO EXECUTING KEYWORD: remoteDirRemove
[2014-03-17 19:04:50] INFO Establishing connection with SFTP server
[2014-03-17 19:04:51] INFO Connected successfully!
[2014-03-17 19:04:51] INFO Removing directory: "/boss/simulators2/"
[2014-03-17 19:04:51] INFO Directory removed successfully
[2014-03-17 19:04:51] INFO Closing connection!
[2014-03-17 19:04:51] INFO 
[2014-03-17 19:04:51] INFO EXECUTING KEYWORD: localDirRemove
[2014-03-17 19:04:51] INFO Removing directory: C:\tmp\simulators1\AccountAccessorBingo_Properties1.txt
[2014-03-17 19:04:51] INFO 
[2014-03-17 19:04:51] INFO EXECUTING KEYWORD: localDirRemove
[2014-03-17 19:04:51] INFO Removing directory: C:\tmp\simulators2\AccountAccessorBingo_Properties2.txt
