[2014-03-18 11:34:59] INFO Executing test case: "POST-REQUISITES"
[2014-03-18 11:34:59] INFO 
[2014-03-18 11:34:59] INFO EXECUTING KEYWORD: remoteDirRemove
[2014-03-18 11:34:59] INFO Establishing connection with SFTP server
[2014-03-18 11:34:59] INFO Host: 10.47.44.164
[2014-03-18 11:34:59] INFO Port: 22
[2014-03-18 11:34:59] INFO Login: jboss
[2014-03-18 11:35:00] INFO Connected successfully!
[2014-03-18 11:35:00] INFO Removing directory: "/boss/simulators1/"
[2014-03-18 11:35:01] INFO Directory removed successfully
[2014-03-18 11:35:01] INFO Closing connection!
[2014-03-18 11:35:01] INFO 
[2014-03-18 11:35:01] INFO EXECUTING KEYWORD: remoteDirRemove
[2014-03-18 11:35:01] INFO Establishing connection with SFTP server
[2014-03-18 11:35:01] INFO Host: 10.47.44.164
[2014-03-18 11:35:01] INFO Port: 22
[2014-03-18 11:35:01] INFO Login: jboss
[2014-03-18 11:35:02] INFO Connected successfully!
[2014-03-18 11:35:02] INFO Removing directory: "/boss/simulators2/"
[2014-03-18 11:35:02] INFO Directory removed successfully
[2014-03-18 11:35:02] INFO Closing connection!
[2014-03-18 11:35:02] INFO 
[2014-03-18 11:35:02] INFO EXECUTING KEYWORD: localDirRemove
[2014-03-18 11:35:02] INFO Removing directory: C:\tmp\simulators1\AccountAccessorBingo_Properties1.txt
[2014-03-18 11:35:02] INFO 
[2014-03-18 11:35:02] INFO EXECUTING KEYWORD: localDirRemove
[2014-03-18 11:35:02] INFO Removing directory: C:\tmp\simulators2\AccountAccessorBingo_Properties2.txt
