[2014-03-17 19:05:31] INFO Test suite "Pre-requisites KDT Scenario 1" content: 
[2014-03-17 19:05:31] INFO Remote files
[2014-03-17 19:05:31] INFO      uploadFile
[2014-03-17 19:05:31] INFO            To = /boss/simulators/
[2014-03-17 19:05:31] INFO            From = resources\KDT Scenario 1\AccountAccessorBingo_Properties.txt
[2014-03-17 19:05:31] INFO      uploadFile
[2014-03-17 19:05:31] INFO            To = /boss/simulators1/
[2014-03-17 19:05:31] INFO            From = resources\\KDT Scenario 1\\AccountAccessorBingo_Properties1.txt
[2014-03-17 19:05:31] INFO      uploadFile
[2014-03-17 19:05:31] INFO            To = /boss/simulators2/
[2014-03-17 19:05:31] INFO            From = resources\\KDT Scenario 1\\AccountAccessorBingo_Properties2.txt
[2014-03-17 19:05:31] INFO 
[2014-03-17 19:05:31] INFO ------------------------------------------Remote files-----------------------------------------
[2014-03-17 19:05:31] INFO 
[2014-03-17 19:05:31] INFO Creating directory: report\Pre-requisites KDT Scenario 1_17.03.2014 19-05-31\Remote files_17.03.2014 19-05-31
[2014-03-17 19:05:31] INFO Executing test case: "REMOTE FILES"
[2014-03-17 19:05:31] INFO 
[2014-03-17 19:05:31] INFO EXECUTING KEYWORD: uploadFile
[2014-03-17 19:05:31] INFO Establishing connection with SFTP server
[2014-03-17 19:05:32] INFO Connected successfully!
[2014-03-17 19:05:33] INFO uploading file: resources\KDT Scenario 1\AccountAccessorBingo_Properties.txt to: /boss/simulators/
[2014-03-17 19:05:33] INFO File was uploaded successfully!
[2014-03-17 19:05:33] INFO Closing connection!
[2014-03-17 19:05:33] INFO 
[2014-03-17 19:05:33] INFO EXECUTING KEYWORD: uploadFile
[2014-03-17 19:05:33] INFO Establishing connection with SFTP server
[2014-03-17 19:05:34] INFO Connected successfully!
[2014-03-17 19:05:34] INFO Directory: "simulators1" created
[2014-03-17 19:05:35] INFO uploading file: resources\\KDT Scenario 1\\AccountAccessorBingo_Properties1.txt to: /boss/simulators1/
[2014-03-17 19:05:35] INFO File was uploaded successfully!
[2014-03-17 19:05:35] INFO Closing connection!
[2014-03-17 19:05:35] INFO 
[2014-03-17 19:05:35] INFO EXECUTING KEYWORD: uploadFile
[2014-03-17 19:05:35] INFO Establishing connection with SFTP server
[2014-03-17 19:05:36] INFO Connected successfully!
[2014-03-17 19:05:36] INFO Directory: "simulators2" created
[2014-03-17 19:05:36] INFO uploading file: resources\\KDT Scenario 1\\AccountAccessorBingo_Properties2.txt to: /boss/simulators2/
[2014-03-17 19:05:37] INFO File was uploaded successfully!
[2014-03-17 19:05:37] INFO Closing connection!
