[2014-03-17 19:09:56] INFO Test suite "Pre-requisites KDT Scenario 1" content: 
[2014-03-17 19:09:56] INFO Remote files
[2014-03-17 19:09:56] INFO      uploadFile
[2014-03-17 19:09:56] INFO            To = /boss/simulators/
[2014-03-17 19:09:56] INFO            From = resources\KDT Scenario 1\AccountAccessorBingo_Properties.txt
[2014-03-17 19:09:56] INFO      uploadFile
[2014-03-17 19:09:56] INFO            To = /boss/simulators1/
[2014-03-17 19:09:56] INFO            From = resources\\KDT Scenario 1\\AccountAccessorBingo_Properties1.txt
[2014-03-17 19:09:56] INFO      uploadFile
[2014-03-17 19:09:56] INFO            To = /boss/simulators2/
[2014-03-17 19:09:56] INFO            From = resources\\KDT Scenario 1\\AccountAccessorBingo_Properties2.txt
[2014-03-17 19:09:56] INFO 
[2014-03-17 19:09:56] INFO ------------------------------------------Remote files-----------------------------------------
[2014-03-17 19:09:56] INFO 
[2014-03-17 19:09:56] INFO Creating directory: report\Pre-requisites KDT Scenario 1_17.03.2014 19-09-56\Remote files_17.03.2014 19-09-56
[2014-03-17 19:09:56] INFO Executing test case: "REMOTE FILES"
[2014-03-17 19:09:56] INFO 
[2014-03-17 19:09:56] INFO EXECUTING KEYWORD: uploadFile
[2014-03-17 19:09:56] INFO Establishing connection with SFTP server
[2014-03-17 19:09:57] INFO Connected successfully!
