[2014-03-17 19:10:21] INFO Executing test case: "POST-REQUISITES"
[2014-03-17 19:10:21] INFO 
[2014-03-17 19:10:21] INFO EXECUTING KEYWORD: remoteDirRemove
[2014-03-17 19:10:21] INFO Establishing connection with SFTP server
[2014-03-17 19:10:22] INFO Connected successfully!
[2014-03-17 19:10:22] INFO Removing directory: "/boss/simulators1/"
[2014-03-17 19:10:22] INFO Directory removed successfully
[2014-03-17 19:10:22] INFO Closing connection!
[2014-03-17 19:10:22] INFO 
[2014-03-17 19:10:22] INFO EXECUTING KEYWORD: remoteDirRemove
[2014-03-17 19:10:22] INFO Establishing connection with SFTP server
[2014-03-17 19:10:23] INFO Connected successfully!
[2014-03-17 19:10:23] INFO Removing directory: "/boss/simulators2/"
[2014-03-17 19:10:24] INFO Directory removed successfully
[2014-03-17 19:10:24] INFO Closing connection!
[2014-03-17 19:10:24] INFO 
[2014-03-17 19:10:24] INFO EXECUTING KEYWORD: localDirRemove
[2014-03-17 19:10:24] INFO Removing directory: C:\tmp\simulators1\AccountAccessorBingo_Properties1.txt
[2014-03-17 19:10:24] INFO 
[2014-03-17 19:10:24] INFO EXECUTING KEYWORD: localDirRemove
[2014-03-17 19:10:24] INFO Removing directory: C:\tmp\simulators2\AccountAccessorBingo_Properties2.txt
