[2014-03-17 19:14:31] INFO Executing test case: "POST-REQUISITES"
[2014-03-17 19:14:31] INFO 
[2014-03-17 19:14:31] INFO EXECUTING KEYWORD: remoteDirRemove
[2014-03-17 19:14:31] INFO Establishing connection with SFTP server
[2014-03-17 19:14:31] INFO Host: 10.47.44.164
[2014-03-17 19:14:31] INFO Port22
[2014-03-17 19:14:31] INFO Login: jboss
[2014-03-17 19:14:32] INFO Connected successfully!
[2014-03-17 19:14:32] INFO Removing directory: "/boss/simulators1/"
[2014-03-17 19:14:32] INFO Directory removed successfully
[2014-03-17 19:14:32] INFO Closing connection!
[2014-03-17 19:14:32] INFO 
[2014-03-17 19:14:32] INFO EXECUTING KEYWORD: remoteDirRemove
[2014-03-17 19:14:32] INFO Establishing connection with SFTP server
[2014-03-17 19:14:32] INFO Host: 10.47.44.164
[2014-03-17 19:14:32] INFO Port22
[2014-03-17 19:14:32] INFO Login: jboss
[2014-03-17 19:14:33] INFO Connected successfully!
[2014-03-17 19:14:33] INFO Removing directory: "/boss/simulators2/"
[2014-03-17 19:14:34] INFO Directory removed successfully
[2014-03-17 19:14:34] INFO Closing connection!
[2014-03-17 19:14:34] INFO 
[2014-03-17 19:14:34] INFO EXECUTING KEYWORD: localDirRemove
[2014-03-17 19:14:34] INFO Removing directory: C:\tmp\simulators1\AccountAccessorBingo_Properties1.txt
[2014-03-17 19:14:34] INFO 
[2014-03-17 19:14:34] INFO EXECUTING KEYWORD: localDirRemove
[2014-03-17 19:14:34] INFO Removing directory: C:\tmp\simulators2\AccountAccessorBingo_Properties2.txt
