[2014-03-17 19:04:33] INFO Executing test case: "REMOTE FILES"
[2014-03-17 19:04:33] INFO 
[2014-03-17 19:04:33] INFO EXECUTING KEYWORD: uploadFile
[2014-03-17 19:04:33] INFO Establishing connection with SFTP server
[2014-03-17 19:04:35] INFO Connected successfully!
[2014-03-17 19:04:35] INFO uploading file: resources\KDT Scenario 1\AccountAccessorBingo_Properties.txt to: /boss/simulators/
[2014-03-17 19:04:36] INFO File was uploaded successfully!
[2014-03-17 19:04:36] INFO Closing connection!
[2014-03-17 19:04:36] INFO 
[2014-03-17 19:04:36] INFO EXECUTING KEYWORD: uploadFile
[2014-03-17 19:04:36] INFO Establishing connection with SFTP server
[2014-03-17 19:04:36] INFO Connected successfully!
[2014-03-17 19:04:37] INFO uploading file: resources\\KDT Scenario 1\\AccountAccessorBingo_Properties1.txt to: /boss/simulators1/
[2014-03-17 19:04:37] INFO File was uploaded successfully!
[2014-03-17 19:04:37] INFO Closing connection!
[2014-03-17 19:04:37] INFO 
[2014-03-17 19:04:37] INFO EXECUTING KEYWORD: uploadFile
[2014-03-17 19:04:37] INFO Establishing connection with SFTP server
[2014-03-17 19:04:38] INFO Connected successfully!
[2014-03-17 19:04:39] INFO uploading file: resources\\KDT Scenario 1\\AccountAccessorBingo_Properties2.txt to: /boss/simulators2/
[2014-03-17 19:04:39] INFO File was uploaded successfully!
[2014-03-17 19:04:39] INFO Closing connection!
