[2014-03-17 19:04:29] INFO Executing test case: "REMOTE FILES"
[2014-03-17 19:04:29] INFO 
[2014-03-17 19:04:29] INFO EXECUTING KEYWORD: uploadFile
[2014-03-17 19:04:29] INFO Establishing connection with SFTP server
[2014-03-17 19:04:30] INFO Connected successfully!
[2014-03-17 19:04:31] INFO uploading file: resources\KDT Scenario 1\AccountAccessorBingo_Properties.txt to: /boss/simulators/
[2014-03-17 19:04:31] INFO File was uploaded successfully!
[2014-03-17 19:04:31] INFO Closing connection!
[2014-03-17 19:04:31] INFO 
[2014-03-17 19:04:31] INFO EXECUTING KEYWORD: uploadFile
[2014-03-17 19:04:31] INFO Establishing connection with SFTP server
[2014-03-17 19:04:32] INFO Connected successfully!
[2014-03-17 19:04:32] INFO Directory: "simulators1" created
[2014-03-17 19:04:33] INFO uploading file: resources\\KDT Scenario 1\\AccountAccessorBingo_Properties1.txt to: /boss/simulators1/
[2014-03-17 19:04:33] INFO File was uploaded successfully!
[2014-03-17 19:04:33] INFO Closing connection!
[2014-03-17 19:04:33] INFO 
[2014-03-17 19:04:33] INFO EXECUTING KEYWORD: uploadFile
[2014-03-17 19:04:33] INFO Establishing connection with SFTP server
[2014-03-17 19:04:34] INFO Connected successfully!
[2014-03-17 19:04:34] INFO Directory: "simulators2" created
[2014-03-17 19:04:35] INFO uploading file: resources\\KDT Scenario 1\\AccountAccessorBingo_Properties2.txt to: /boss/simulators2/
[2014-03-17 19:04:35] INFO File was uploaded successfully!
[2014-03-17 19:04:35] INFO Closing connection!
