[2014-03-18 11:22:59] INFO Test suite "Pre-requisites KDT Scenario 1" content: 
[2014-03-18 11:22:59] INFO Remote files
[2014-03-18 11:22:59] INFO      uploadFile
[2014-03-18 11:22:59] INFO            To = /boss/simulators/
[2014-03-18 11:22:59] INFO            From = resources\KDT Scenario 1\AccountAccessorBingo_Properties.txt
[2014-03-18 11:22:59] INFO      uploadFile
[2014-03-18 11:22:59] INFO            To = /boss/simulators1/
[2014-03-18 11:22:59] INFO            From = resources\\KDT Scenario 1\\AccountAccessorBingo_Properties1.txt
[2014-03-18 11:22:59] INFO      uploadFile
[2014-03-18 11:22:59] INFO            To = /boss/simulators2/
[2014-03-18 11:22:59] INFO            From = resources\\KDT Scenario 1\\AccountAccessorBingo_Properties2.txt
[2014-03-18 11:22:59] INFO 
[2014-03-18 11:22:59] INFO ------------------------------------------Remote files-----------------------------------------
[2014-03-18 11:22:59] INFO 
[2014-03-18 11:22:59] INFO Creating directory: report\Pre-requisites KDT Scenario 1_18.03.2014 11-22-59\Remote files_18.03.2014 11-22-59
[2014-03-18 11:22:59] INFO Executing test case: "REMOTE FILES"
[2014-03-18 11:22:59] INFO 
[2014-03-18 11:22:59] INFO EXECUTING KEYWORD: uploadFile
[2014-03-18 11:22:59] INFO Establishing connection with SFTP server
[2014-03-18 11:22:59] INFO Host: 10.47.44.164
[2014-03-18 11:22:59] INFO Port: 22
[2014-03-18 11:22:59] INFO Login: jboss
[2014-03-18 11:23:01] INFO Connected successfully!
[2014-03-18 11:23:02] INFO uploading file: resources\KDT Scenario 1\AccountAccessorBingo_Properties.txt to: /boss/simulators/
[2014-03-18 11:23:02] INFO File was uploaded successfully!
[2014-03-18 11:23:02] INFO Closing connection!
[2014-03-18 11:23:02] INFO 
[2014-03-18 11:23:02] INFO EXECUTING KEYWORD: uploadFile
[2014-03-18 11:23:02] INFO Establishing connection with SFTP server
[2014-03-18 11:23:02] INFO Host: 10.47.44.164
[2014-03-18 11:23:02] INFO Port: 22
[2014-03-18 11:23:02] INFO Login: jboss
