[2014-03-17 19:05:49] INFO Executing test case: "POST-REQUISITES"
[2014-03-17 19:05:49] INFO 
[2014-03-17 19:05:49] INFO EXECUTING KEYWORD: remoteDirRemove
[2014-03-17 19:05:49] INFO Establishing connection with SFTP server
[2014-03-17 19:05:50] INFO Connected successfully!
[2014-03-17 19:05:50] INFO Removing directory: "/boss/simulators1/"
[2014-03-17 19:05:50] INFO Directory removed successfully
[2014-03-17 19:05:50] INFO Closing connection!
[2014-03-17 19:05:50] INFO 
[2014-03-17 19:05:50] INFO EXECUTING KEYWORD: remoteDirRemove
[2014-03-17 19:05:50] INFO Establishing connection with SFTP server
[2014-03-17 19:05:51] INFO Connected successfully!
[2014-03-17 19:05:51] INFO Removing directory: "/boss/simulators2/"
[2014-03-17 19:05:52] INFO Directory removed successfully
[2014-03-17 19:05:52] INFO Closing connection!
[2014-03-17 19:05:52] INFO 
[2014-03-17 19:05:52] INFO EXECUTING KEYWORD: localDirRemove
[2014-03-17 19:05:52] INFO Removing directory: C:\tmp\simulators1\AccountAccessorBingo_Properties1.txt
[2014-03-17 19:05:52] INFO 
[2014-03-17 19:05:52] INFO EXECUTING KEYWORD: localDirRemove
[2014-03-17 19:05:52] INFO Removing directory: C:\tmp\simulators2\AccountAccessorBingo_Properties2.txt
